<?xml version="1.0" encoding="UTF-8"?>
<testsuite name="com.github.RecoverDev.j2docx.serialization.document.DocxWriterTest" tests="3" skipped="0" failures="0" errors="0" timestamp="2026-07-08T13:11:02.920Z" hostname="WS-MSK-ANALIT69" time="0.101">
  <properties/>
  <testcase name="Формирование документа с Table" classname="com.github.RecoverDev.j2docx.serialization.document.DocxWriterTest" time="0.072"/>
  <testcase name="Формирование документа с ParagraphProperties и RunProperties" classname="com.github.RecoverDev.j2docx.serialization.document.DocxWriterTest" time="0.006"/>
  <testcase name="Создание документа на основе объекта DocumentX" classname="com.github.RecoverDev.j2docx.serialization.document.DocxWriterTest" time="0.004"/>
  <system-out><![CDATA[]]></system-out>
  <system-err><![CDATA[]]></system-err>
</testsuite>
