<?xml version="1.0" encoding="UTF-8"?>
<testsuite name="com.github.RecoverDev.j2docx.serialization.document.DocxWriterTest" tests="3" skipped="0" failures="0" errors="0" timestamp="2026-07-22T13:37:37.769Z" hostname="WS-MSK-ANALIT69" time="0.086">
  <properties/>
  <testcase name="Формирование документа с Table" classname="com.github.RecoverDev.j2docx.serialization.document.DocxWriterTest" time="0.061"/>
  <testcase name="Формирование документа с ParagraphProperties и RunProperties" classname="com.github.RecoverDev.j2docx.serialization.document.DocxWriterTest" time="0.005"/>
  <testcase name="Создание документа на основе объекта DocumentX" classname="com.github.RecoverDev.j2docx.serialization.document.DocxWriterTest" time="0.003"/>
  <system-out><![CDATA[]]></system-out>
  <system-err><![CDATA[]]></system-err>
</testsuite>
