<?xml version="1.0" encoding="UTF-8"?>
<testsuite name="com.github.RecoverDev.j2docx.serialization.xml.ListingSerializerTest" tests="2" skipped="0" failures="0" errors="0" timestamp="2026-07-22T13:37:37.864Z" hostname="WS-MSK-ANALIT69" time="0.011">
  <properties/>
  <testcase name="Уникальность списка" classname="com.github.RecoverDev.j2docx.serialization.xml.ListingSerializerTest" time="0.008"/>
  <testcase name="Сериализация списка" classname="com.github.RecoverDev.j2docx.serialization.xml.ListingSerializerTest" time="0.001"/>
  <system-out><![CDATA[]]></system-out>
  <system-err><![CDATA[]]></system-err>
</testsuite>
